--------------------------------------------------------------------------------
Release 14.7 Trace  (nt64)
Copyright (c) 1995-2013 Xilinx, Inc.  All rights reserved.

C:\Xilinx\14.7\ISE_DS\ISE\bin\nt64\unwrapped\trce.exe -intstyle ise -v 3 -s 3
-n 3 -fastpaths -xml Tetris.twx Tetris.ncd -o Tetris.twr Tetris.pcf -ucf
Tetris.ucf

Design file:              Tetris.ncd
Physical constraint file: Tetris.pcf
Device,package,speed:     xc6slx9,tqg144,C,-3 (PRODUCTION 1.23 2013-10-13)
Report level:             verbose report

Environment Variable      Effect 
--------------------      ------ 
NONE                      No environment variables were set
--------------------------------------------------------------------------------

INFO:Timing:2698 - No timing constraints found, doing default enumeration.
INFO:Timing:3412 - To improve timing, see the Timing Closure User Guide (UG612).
INFO:Timing:2752 - To get complete path coverage, use the unconstrained paths 
   option. All paths that are not constrained will be reported in the 
   unconstrained paths section(s) of the report.
INFO:Timing:3339 - The clock-to-out numbers in this timing report are based on 
   a 50 Ohm transmission line loading model.  For the details of this model, 
   and for more information on accounting for different loading conditions, 
   please see the device datasheet.



Data Sheet report:
-----------------
All values displayed in nanoseconds (ns)

Setup/Hold to clock osc
------------+------------+------------+------------+------------+------------------+--------+
            |Max Setup to|  Process   |Max Hold to |  Process   |                  | Clock  |
Source      | clk (edge) |   Corner   | clk (edge) |   Corner   |Internal Clock(s) | Phase  |
------------+------------+------------+------------+------------+------------------+--------+
down        |    4.579(R)|      SLOW  |   -0.493(R)|      SLOW  |osc_BUFGP         |   0.000|
increment   |    1.600(R)|      SLOW  |   -0.699(R)|      SLOW  |osc_BUFGP         |   0.000|
left        |    4.205(R)|      SLOW  |   -0.550(R)|      SLOW  |osc_BUFGP         |   0.000|
reset       |    5.414(R)|      SLOW  |   -1.298(R)|      FAST  |osc_BUFGP         |   0.000|
right       |    3.720(R)|      SLOW  |   -0.939(R)|      FAST  |osc_BUFGP         |   0.000|
rotate      |    3.614(R)|      SLOW  |   -1.854(R)|      FAST  |osc_BUFGP         |   0.000|
------------+------------+------------+------------+------------+------------------+--------+

Clock osc to Pad
------------+-----------------+------------+-----------------+------------+------------------+--------+
            |Max (slowest) clk|  Process   |Min (fastest) clk|  Process   |                  | Clock  |
Destination |  (edge) to PAD  |   Corner   |  (edge) to PAD  |   Corner   |Internal Clock(s) | Phase  |
------------+-----------------+------------+-----------------+------------+------------------+--------+
h_sync      |         7.740(R)|      SLOW  |         4.003(R)|      FAST  |osc_BUFGP         |   0.000|
v_sync      |         7.907(R)|      SLOW  |         4.103(R)|      FAST  |osc_BUFGP         |   0.000|
vga_rgb<0>  |         7.400(R)|      SLOW  |         3.817(R)|      FAST  |osc_BUFGP         |   0.000|
vga_rgb<1>  |         7.209(R)|      SLOW  |         3.690(R)|      FAST  |osc_BUFGP         |   0.000|
vga_rgb<2>  |         7.405(R)|      SLOW  |         3.789(R)|      FAST  |osc_BUFGP         |   0.000|
------------+-----------------+------------+-----------------+------------+------------------+--------+

Clock to Setup on destination clock osc
---------------+---------+---------+---------+---------+
               | Src:Rise| Src:Fall| Src:Rise| Src:Fall|
Source Clock   |Dest:Rise|Dest:Rise|Dest:Fall|Dest:Fall|
---------------+---------+---------+---------+---------+
osc            |   66.817|         |         |         |
---------------+---------+---------+---------+---------+


Analysis completed Fri Nov 10 07:28:53 2023 
--------------------------------------------------------------------------------

Trace Settings:
-------------------------
Trace Settings 

Peak Memory Usage: 4609 MB



